09 Mar 2022 13:59:25,308 INFO  CarsDBRepository 18 <init> - Initializing CarsDBRepository with properties: {} 
09 Mar 2022 13:59:25,338 TRACE CarsDBRepository 77 add - Enter saving car Id=0 Tesla Model S 2019
09 Mar 2022 13:59:25,340 TRACE JdbcUtils 46 getConnection - Enter
09 Mar 2022 13:59:25,341 TRACE JdbcUtils 23 getNewConnection - Enter
09 Mar 2022 13:59:25,342 INFO  JdbcUtils 28 getNewConnection - trying to connect to database ... null
09 Mar 2022 13:59:25,343 INFO  JdbcUtils 29 getNewConnection - user: null
09 Mar 2022 13:59:25,344 INFO  JdbcUtils 30 getNewConnection - pass: null
09 Mar 2022 13:59:25,350 ERROR JdbcUtils 39 getNewConnection - java.sql.SQLException: The url cannot be null
09 Mar 2022 13:59:25,353 TRACE JdbcUtils 55 getConnection - Exit
09 Mar 2022 14:00:00,823 INFO  CarsDBRepository 18 <init> - Initializing CarsDBRepository with properties: {} 
09 Mar 2022 14:00:00,843 TRACE CarsDBRepository 77 add - Enter saving car Id=0 Tesla Model S 2019
09 Mar 2022 14:00:00,844 TRACE JdbcUtils 46 getConnection - Enter
09 Mar 2022 14:00:00,844 TRACE JdbcUtils 23 getNewConnection - Enter
09 Mar 2022 14:00:00,845 INFO  JdbcUtils 28 getNewConnection - trying to connect to database ... null
09 Mar 2022 14:00:00,846 INFO  JdbcUtils 29 getNewConnection - user: null
09 Mar 2022 14:00:00,847 INFO  JdbcUtils 30 getNewConnection - pass: null
09 Mar 2022 14:00:00,851 ERROR JdbcUtils 39 getNewConnection - java.sql.SQLException: The url cannot be null
09 Mar 2022 14:00:00,854 TRACE JdbcUtils 55 getConnection - Exit
09 Mar 2022 14:01:35,783 INFO  CarsDBRepository 18 <init> - Initializing CarsDBRepository with properties: {} 
09 Mar 2022 14:01:35,799 TRACE CarsDBRepository 77 add - Enter saving car Id=0 Tesla Model S 2019
09 Mar 2022 14:01:35,799 TRACE JdbcUtils 46 getConnection - Enter
09 Mar 2022 14:01:35,799 TRACE JdbcUtils 23 getNewConnection - Enter
09 Mar 2022 14:01:35,799 INFO  JdbcUtils 28 getNewConnection - trying to connect to database ... null
09 Mar 2022 14:01:35,799 INFO  JdbcUtils 29 getNewConnection - user: null
09 Mar 2022 14:01:35,799 INFO  JdbcUtils 30 getNewConnection - pass: null
09 Mar 2022 14:01:35,814 ERROR JdbcUtils 39 getNewConnection - java.sql.SQLException: The url cannot be null
09 Mar 2022 14:01:35,814 TRACE JdbcUtils 55 getConnection - Exit
09 Mar 2022 14:01:47,425 INFO  CarsDBRepository 18 <init> - Initializing CarsDBRepository with properties: {} 
09 Mar 2022 14:01:47,447 TRACE CarsDBRepository 77 add - Enter saving car Id=0 Tesla Model S 2019
09 Mar 2022 14:01:47,447 TRACE JdbcUtils 46 getConnection - Enter
09 Mar 2022 14:01:47,447 TRACE JdbcUtils 23 getNewConnection - Enter
09 Mar 2022 14:01:47,447 INFO  JdbcUtils 28 getNewConnection - trying to connect to database ... null
09 Mar 2022 14:01:47,447 INFO  JdbcUtils 29 getNewConnection - user: null
09 Mar 2022 14:01:47,447 INFO  JdbcUtils 30 getNewConnection - pass: null
09 Mar 2022 14:01:47,447 ERROR JdbcUtils 39 getNewConnection - java.sql.SQLException: The url cannot be null
09 Mar 2022 14:01:47,447 TRACE JdbcUtils 55 getConnection - Exit
09 Mar 2022 14:04:29,826 INFO  CarsDBRepository 18 <init> - Initializing CarsDBRepository with properties: {} 
09 Mar 2022 14:04:29,841 TRACE CarsDBRepository 77 add - Enter saving car Id=0 Tesla Model S 2019
09 Mar 2022 14:04:29,841 TRACE JdbcUtils 46 getConnection - Enter
09 Mar 2022 14:04:29,841 TRACE JdbcUtils 23 getNewConnection - Enter
09 Mar 2022 14:04:29,841 INFO  JdbcUtils 28 getNewConnection - trying to connect to database ... null
09 Mar 2022 14:04:29,857 INFO  JdbcUtils 29 getNewConnection - user: null
09 Mar 2022 14:04:29,857 INFO  JdbcUtils 30 getNewConnection - pass: null
09 Mar 2022 14:04:29,857 ERROR JdbcUtils 39 getNewConnection - java.sql.SQLException: The url cannot be null
09 Mar 2022 14:04:29,857 TRACE JdbcUtils 55 getConnection - Exit
09 Mar 2022 14:04:49,570 INFO  CarsDBRepository 18 <init> - Initializing CarsDBRepository with properties: {} 
09 Mar 2022 14:04:49,586 TRACE CarsDBRepository 77 add - Enter saving car Id=0 Tesla Model S 2019
09 Mar 2022 14:04:49,601 TRACE JdbcUtils 46 getConnection - Enter
09 Mar 2022 14:04:49,601 TRACE JdbcUtils 23 getNewConnection - Enter
09 Mar 2022 14:04:49,601 INFO  JdbcUtils 28 getNewConnection - trying to connect to database ... null
09 Mar 2022 14:04:49,601 INFO  JdbcUtils 29 getNewConnection - user: null
09 Mar 2022 14:04:49,601 INFO  JdbcUtils 30 getNewConnection - pass: null
09 Mar 2022 14:04:49,601 ERROR JdbcUtils 39 getNewConnection - java.sql.SQLException: The url cannot be null
09 Mar 2022 14:04:49,601 TRACE JdbcUtils 55 getConnection - Exit
09 Mar 2022 14:05:52,014 INFO  CarsDBRepository 18 <init> - Initializing CarsDBRepository with properties: {} 
09 Mar 2022 14:05:52,036 TRACE CarsDBRepository 77 add - Enter saving car Id=0 Tesla Model S 2019
09 Mar 2022 14:05:52,036 TRACE JdbcUtils 46 getConnection - Enter
09 Mar 2022 14:05:52,036 TRACE JdbcUtils 23 getNewConnection - Enter
09 Mar 2022 14:05:52,036 INFO  JdbcUtils 28 getNewConnection - trying to connect to database ... null
09 Mar 2022 14:05:52,036 INFO  JdbcUtils 29 getNewConnection - user: null
09 Mar 2022 14:05:52,036 INFO  JdbcUtils 30 getNewConnection - pass: null
09 Mar 2022 14:05:52,051 ERROR JdbcUtils 39 getNewConnection - java.sql.SQLException: The url cannot be null
09 Mar 2022 14:05:52,051 TRACE JdbcUtils 55 getConnection - Exit
09 Mar 2022 14:06:57,396 INFO  CarsDBRepository 18 <init> - Initializing CarsDBRepository with properties: {} 
09 Mar 2022 14:06:57,412 TRACE CarsDBRepository 77 add - Enter saving car Id=0 Tesla Model S 2019
09 Mar 2022 14:06:57,412 TRACE JdbcUtils 46 getConnection - Enter
09 Mar 2022 14:06:57,412 TRACE JdbcUtils 23 getNewConnection - Enter
09 Mar 2022 14:06:57,412 INFO  JdbcUtils 28 getNewConnection - trying to connect to database ... null
09 Mar 2022 14:06:57,412 INFO  JdbcUtils 29 getNewConnection - user: null
09 Mar 2022 14:06:57,412 INFO  JdbcUtils 30 getNewConnection - pass: null
09 Mar 2022 14:06:57,428 ERROR JdbcUtils 39 getNewConnection - java.sql.SQLException: The url cannot be null
09 Mar 2022 14:06:57,428 TRACE JdbcUtils 55 getConnection - Exit
09 Mar 2022 14:07:22,984 INFO  CarsDBRepository 18 <init> - Initializing CarsDBRepository with properties: {} 
09 Mar 2022 14:07:22,999 TRACE CarsDBRepository 77 add - Enter saving car Id=0 Tesla Model S 2019
09 Mar 2022 14:07:22,999 TRACE JdbcUtils 46 getConnection - Enter
09 Mar 2022 14:07:22,999 TRACE JdbcUtils 23 getNewConnection - Enter
09 Mar 2022 14:07:22,999 INFO  JdbcUtils 28 getNewConnection - trying to connect to database ... null
09 Mar 2022 14:07:22,999 INFO  JdbcUtils 29 getNewConnection - user: null
09 Mar 2022 14:07:23,006 INFO  JdbcUtils 30 getNewConnection - pass: null
09 Mar 2022 14:07:23,006 ERROR JdbcUtils 39 getNewConnection - java.sql.SQLException: The url cannot be null
09 Mar 2022 14:07:23,006 TRACE JdbcUtils 55 getConnection - Exit
09 Mar 2022 14:07:30,304 INFO  CarsDBRepository 18 <init> - Initializing CarsDBRepository with properties: {} 
09 Mar 2022 14:07:30,326 TRACE CarsDBRepository 77 add - Enter saving car Id=0 Tesla Model S 2019
09 Mar 2022 14:07:30,326 TRACE JdbcUtils 46 getConnection - Enter
09 Mar 2022 14:07:30,326 TRACE JdbcUtils 23 getNewConnection - Enter
09 Mar 2022 14:07:30,326 INFO  JdbcUtils 28 getNewConnection - trying to connect to database ... null
09 Mar 2022 14:07:30,326 INFO  JdbcUtils 29 getNewConnection - user: null
09 Mar 2022 14:07:30,326 INFO  JdbcUtils 30 getNewConnection - pass: null
09 Mar 2022 14:07:30,326 ERROR JdbcUtils 39 getNewConnection - java.sql.SQLException: The url cannot be null
09 Mar 2022 14:07:30,326 TRACE JdbcUtils 55 getConnection - Exit
09 Mar 2022 14:08:45,085 INFO  CarsDBRepository 18 <init> - Initializing CarsDBRepository with properties: {} 
09 Mar 2022 14:08:45,100 TRACE CarsDBRepository 77 add - Enter saving car Id=0 Tesla Model S 2019
09 Mar 2022 14:08:45,116 TRACE JdbcUtils 46 getConnection - Enter
09 Mar 2022 14:08:45,116 TRACE JdbcUtils 23 getNewConnection - Enter
09 Mar 2022 14:08:45,116 INFO  JdbcUtils 28 getNewConnection - trying to connect to database ... null
09 Mar 2022 14:08:45,116 INFO  JdbcUtils 29 getNewConnection - user: null
09 Mar 2022 14:08:45,116 INFO  JdbcUtils 30 getNewConnection - pass: null
09 Mar 2022 14:08:45,116 ERROR JdbcUtils 39 getNewConnection - java.sql.SQLException: The url cannot be null
09 Mar 2022 14:08:45,116 TRACE JdbcUtils 55 getConnection - Exit
09 Mar 2022 14:09:18,812 INFO  CarsDBRepository 18 <init> - Initializing CarsDBRepository with properties: {} 
09 Mar 2022 14:09:18,844 TRACE CarsDBRepository 77 add - Enter saving car Id=0 Tesla Model S 2019
09 Mar 2022 14:09:18,844 TRACE JdbcUtils 46 getConnection - Enter
09 Mar 2022 14:09:18,844 TRACE JdbcUtils 23 getNewConnection - Enter
09 Mar 2022 14:09:18,844 INFO  JdbcUtils 28 getNewConnection - trying to connect to database ... null
09 Mar 2022 14:09:18,844 INFO  JdbcUtils 29 getNewConnection - user: null
09 Mar 2022 14:09:18,844 INFO  JdbcUtils 30 getNewConnection - pass: null
09 Mar 2022 14:09:18,859 ERROR JdbcUtils 39 getNewConnection - java.sql.SQLException: The url cannot be null
09 Mar 2022 14:09:18,859 TRACE JdbcUtils 55 getConnection - Exit
09 Mar 2022 14:11:05,519 INFO  CarsDBRepository 18 <init> - Initializing CarsDBRepository with properties: {} 
09 Mar 2022 14:11:05,535 TRACE CarsDBRepository 77 add - Enter saving car Id=0 Tesla Model S 2019
09 Mar 2022 14:11:05,535 TRACE JdbcUtils 46 getConnection - Enter
09 Mar 2022 14:11:05,535 TRACE JdbcUtils 23 getNewConnection - Enter
09 Mar 2022 14:11:05,535 INFO  JdbcUtils 28 getNewConnection - trying to connect to database ... null
09 Mar 2022 14:11:05,535 INFO  JdbcUtils 29 getNewConnection - user: null
09 Mar 2022 14:11:05,535 INFO  JdbcUtils 30 getNewConnection - pass: null
09 Mar 2022 14:11:05,535 ERROR JdbcUtils 39 getNewConnection - java.sql.SQLException: The url cannot be null
09 Mar 2022 14:11:05,535 TRACE JdbcUtils 55 getConnection - Exit
09 Mar 2022 14:12:56,048 INFO  CarsDBRepository 18 <init> - Initializing CarsDBRepository with properties: {} 
09 Mar 2022 14:12:56,079 TRACE CarsDBRepository 77 add - Enter saving car Id=0 Tesla Model S 2019
09 Mar 2022 14:12:56,079 TRACE JdbcUtils 46 getConnection - Enter
09 Mar 2022 14:12:56,079 TRACE JdbcUtils 23 getNewConnection - Enter
09 Mar 2022 14:12:56,079 INFO  JdbcUtils 28 getNewConnection - trying to connect to database ... null
09 Mar 2022 14:12:56,079 INFO  JdbcUtils 29 getNewConnection - user: null
09 Mar 2022 14:12:56,079 INFO  JdbcUtils 30 getNewConnection - pass: null
09 Mar 2022 14:12:56,079 ERROR JdbcUtils 39 getNewConnection - java.sql.SQLException: The url cannot be null
09 Mar 2022 14:12:56,079 TRACE JdbcUtils 55 getConnection - Exit
09 Mar 2022 14:13:16,022 INFO  CarsDBRepository 18 <init> - Initializing CarsDBRepository with properties: {} 
09 Mar 2022 14:13:16,059 TRACE CarsDBRepository 77 add - Enter saving car Id=0 Tesla Model S 2019
09 Mar 2022 14:13:16,059 TRACE JdbcUtils 46 getConnection - Enter
09 Mar 2022 14:13:16,059 TRACE JdbcUtils 23 getNewConnection - Enter
09 Mar 2022 14:13:16,059 INFO  JdbcUtils 28 getNewConnection - trying to connect to database ... null
09 Mar 2022 14:13:16,059 INFO  JdbcUtils 29 getNewConnection - user: null
09 Mar 2022 14:13:16,059 INFO  JdbcUtils 30 getNewConnection - pass: null
09 Mar 2022 14:13:16,075 ERROR JdbcUtils 39 getNewConnection - java.sql.SQLException: The url cannot be null
09 Mar 2022 14:13:16,075 TRACE JdbcUtils 55 getConnection - Exit
09 Mar 2022 14:13:54,629 INFO  CarsDBRepository 18 <init> - Initializing CarsDBRepository with properties: {jdbc.url=jdbc:sqlite:C:\Personal\Facultate\Semestrul 4\MPP\lab1-2\databases\cars.db} 
09 Mar 2022 14:13:54,667 TRACE CarsDBRepository 77 add - Enter saving car Id=0 Tesla Model S 2019
09 Mar 2022 14:13:54,667 TRACE JdbcUtils 46 getConnection - Enter
09 Mar 2022 14:13:54,667 TRACE JdbcUtils 23 getNewConnection - Enter
09 Mar 2022 14:13:54,667 INFO  JdbcUtils 28 getNewConnection - trying to connect to database ... jdbc:sqlite:C:\Personal\Facultate\Semestrul 4\MPP\lab1-2\databases\cars.db
09 Mar 2022 14:13:54,667 INFO  JdbcUtils 29 getNewConnection - user: null
09 Mar 2022 14:13:54,667 INFO  JdbcUtils 30 getNewConnection - pass: null
09 Mar 2022 14:13:54,952 TRACE JdbcUtils 55 getConnection - Exit with(org.sqlite.jdbc4.JDBC4Connection@70ed52de)
09 Mar 2022 14:13:54,967 TRACE CarsDBRepository 84 add - Enter Saved 1 instances
09 Mar 2022 14:13:54,967 TRACE CarsDBRepository 89 add - Exit
09 Mar 2022 14:13:54,967 TRACE CarsDBRepository 112 findAll - Enter
09 Mar 2022 14:13:54,967 TRACE JdbcUtils 46 getConnection - Enter
09 Mar 2022 14:13:54,967 TRACE JdbcUtils 55 getConnection - Exit with(org.sqlite.jdbc4.JDBC4Connection@70ed52de)
09 Mar 2022 14:13:54,967 TRACE CarsDBRepository 131 findAll - Exit with([Id=1 Dacia Sandero 2019, Id=2 Skoda Octavia 2020, Id=3 Tesla Model S 2019])
09 Mar 2022 14:13:54,967 TRACE CarsDBRepository 24 findByManufacturer - Enter finding with manufacturer Tesla
09 Mar 2022 14:13:54,967 TRACE JdbcUtils 46 getConnection - Enter
09 Mar 2022 14:13:54,967 TRACE JdbcUtils 55 getConnection - Exit with(org.sqlite.jdbc4.JDBC4Connection@70ed52de)
09 Mar 2022 14:13:54,967 TRACE CarsDBRepository 44 findByManufacturer - Exit with([Id=3 Tesla Model S 2019])
09 Mar 2022 14:13:54,967 TRACE CarsDBRepository 94 update - Enter updating car id:1 with: Id=0 Dacia Model1 2020
09 Mar 2022 14:13:54,967 TRACE JdbcUtils 46 getConnection - Enter
09 Mar 2022 14:13:54,967 TRACE JdbcUtils 55 getConnection - Exit with(org.sqlite.jdbc4.JDBC4Connection@70ed52de)
09 Mar 2022 14:13:54,983 TRACE CarsDBRepository 102 update - Enter Updated 1 instances
09 Mar 2022 14:13:54,983 TRACE CarsDBRepository 107 update - Exit
09 Mar 2022 14:13:54,983 TRACE CarsDBRepository 50 findBetweenYears - Enter finding between 2019 and 2020
09 Mar 2022 14:13:54,983 TRACE JdbcUtils 46 getConnection - Enter
09 Mar 2022 14:13:54,983 TRACE JdbcUtils 55 getConnection - Exit with(org.sqlite.jdbc4.JDBC4Connection@70ed52de)
09 Mar 2022 14:13:54,983 TRACE CarsDBRepository 71 findBetweenYears - Exit with([Id=1 Dacia Model1 2020, Id=2 Skoda Octavia 2020, Id=3 Tesla Model S 2019])
09 Mar 2022 14:14:31,339 INFO  CarsDBRepository 18 <init> - Initializing CarsDBRepository with properties: {jdbc.url=jdbc:sqlite:C:\Personal\Facultate\Semestrul 4\MPP\lab1-2\databases\cars.db} 
09 Mar 2022 14:14:31,370 TRACE CarsDBRepository 77 add - Enter saving car Id=0 Tesla Model S 2019
09 Mar 2022 14:14:31,370 TRACE JdbcUtils 46 getConnection - Enter
09 Mar 2022 14:14:31,377 TRACE JdbcUtils 23 getNewConnection - Enter
09 Mar 2022 14:14:31,377 INFO  JdbcUtils 28 getNewConnection - trying to connect to database ... jdbc:sqlite:C:\Personal\Facultate\Semestrul 4\MPP\lab1-2\databases\cars.db
09 Mar 2022 14:14:31,377 INFO  JdbcUtils 29 getNewConnection - user: null
09 Mar 2022 14:14:31,377 INFO  JdbcUtils 30 getNewConnection - pass: null
09 Mar 2022 14:14:31,709 TRACE JdbcUtils 55 getConnection - Exit with(org.sqlite.jdbc4.JDBC4Connection@70ed52de)
09 Mar 2022 14:14:31,725 TRACE CarsDBRepository 84 add - Enter Saved 1 instances
09 Mar 2022 14:14:31,725 TRACE CarsDBRepository 89 add - Exit
09 Mar 2022 14:14:31,725 TRACE CarsDBRepository 112 findAll - Enter
09 Mar 2022 14:14:31,725 TRACE JdbcUtils 46 getConnection - Enter
09 Mar 2022 14:14:31,725 TRACE JdbcUtils 55 getConnection - Exit with(org.sqlite.jdbc4.JDBC4Connection@70ed52de)
09 Mar 2022 14:14:31,725 TRACE CarsDBRepository 131 findAll - Exit with([Id=1 Dacia Model1 2020, Id=2 Skoda Octavia 2020, Id=3 Tesla Model S 2019, Id=4 Tesla Model S 2019])
09 Mar 2022 14:14:31,740 TRACE CarsDBRepository 24 findByManufacturer - Enter finding with manufacturer Tesla
09 Mar 2022 14:14:31,740 TRACE JdbcUtils 46 getConnection - Enter
09 Mar 2022 14:14:31,740 TRACE JdbcUtils 55 getConnection - Exit with(org.sqlite.jdbc4.JDBC4Connection@70ed52de)
09 Mar 2022 14:14:31,740 TRACE CarsDBRepository 44 findByManufacturer - Exit with([Id=3 Tesla Model S 2019, Id=4 Tesla Model S 2019])
09 Mar 2022 14:14:31,740 TRACE CarsDBRepository 94 update - Enter updating car id:1 with: Id=0 Dacia Model1 2020
09 Mar 2022 14:14:31,740 TRACE JdbcUtils 46 getConnection - Enter
09 Mar 2022 14:14:31,740 TRACE JdbcUtils 55 getConnection - Exit with(org.sqlite.jdbc4.JDBC4Connection@70ed52de)
09 Mar 2022 14:14:31,740 TRACE CarsDBRepository 102 update - Enter Updated 1 instances
09 Mar 2022 14:14:31,740 TRACE CarsDBRepository 107 update - Exit
09 Mar 2022 14:14:31,740 TRACE CarsDBRepository 50 findBetweenYears - Enter finding between 2019 and 2020
09 Mar 2022 14:14:31,740 TRACE JdbcUtils 46 getConnection - Enter
09 Mar 2022 14:14:31,740 TRACE JdbcUtils 55 getConnection - Exit with(org.sqlite.jdbc4.JDBC4Connection@70ed52de)
09 Mar 2022 14:14:31,740 TRACE CarsDBRepository 71 findBetweenYears - Exit with([Id=1 Dacia Model1 2020, Id=2 Skoda Octavia 2020, Id=3 Tesla Model S 2019, Id=4 Tesla Model S 2019])
09 Mar 2022 14:15:17,198 INFO  CarsDBRepository 18 <init> - Initializing CarsDBRepository with properties: {jdbc.url=jdbc:sqlite:C:\Personal\Facultate\Semestrul 4\MPP\lab1-2\databases\cars.db} 
09 Mar 2022 14:15:17,217 TRACE CarsDBRepository 77 add - Enter saving car Id=0 Tesla Model S 2019
09 Mar 2022 14:15:17,217 TRACE JdbcUtils 46 getConnection - Enter
09 Mar 2022 14:15:17,217 TRACE JdbcUtils 23 getNewConnection - Enter
09 Mar 2022 14:15:17,217 INFO  JdbcUtils 28 getNewConnection - trying to connect to database ... jdbc:sqlite:C:\Personal\Facultate\Semestrul 4\MPP\lab1-2\databases\cars.db
09 Mar 2022 14:15:17,217 INFO  JdbcUtils 29 getNewConnection - user: null
09 Mar 2022 14:15:17,217 INFO  JdbcUtils 30 getNewConnection - pass: null
09 Mar 2022 14:15:17,564 TRACE JdbcUtils 55 getConnection - Exit with(org.sqlite.jdbc4.JDBC4Connection@70ed52de)
09 Mar 2022 14:15:17,596 TRACE CarsDBRepository 84 add - Enter Saved 1 instances
09 Mar 2022 14:15:17,596 TRACE CarsDBRepository 89 add - Exit
09 Mar 2022 14:15:17,611 TRACE CarsDBRepository 112 findAll - Enter
09 Mar 2022 14:15:17,611 TRACE JdbcUtils 46 getConnection - Enter
09 Mar 2022 14:15:17,611 TRACE JdbcUtils 55 getConnection - Exit with(org.sqlite.jdbc4.JDBC4Connection@70ed52de)
09 Mar 2022 14:15:17,618 TRACE CarsDBRepository 131 findAll - Exit with([Id=1 Dacia Model1 2020, Id=2 Skoda Octavia 2020, Id=3 Tesla Model S 2019, Id=4 Tesla Model S 2019, Id=5 Tesla Model S 2019])
09 Mar 2022 14:15:17,618 TRACE CarsDBRepository 24 findByManufacturer - Enter finding with manufacturer Tesla
09 Mar 2022 14:15:17,618 TRACE JdbcUtils 46 getConnection - Enter
09 Mar 2022 14:15:17,618 TRACE JdbcUtils 55 getConnection - Exit with(org.sqlite.jdbc4.JDBC4Connection@70ed52de)
09 Mar 2022 14:15:17,618 TRACE CarsDBRepository 44 findByManufacturer - Exit with([Id=3 Tesla Model S 2019, Id=4 Tesla Model S 2019, Id=5 Tesla Model S 2019])
09 Mar 2022 14:15:17,618 TRACE CarsDBRepository 94 update - Enter updating car id:1 with: Id=0 Dacia Model1 2020
09 Mar 2022 14:15:17,618 TRACE JdbcUtils 46 getConnection - Enter
09 Mar 2022 14:15:17,618 TRACE JdbcUtils 55 getConnection - Exit with(org.sqlite.jdbc4.JDBC4Connection@70ed52de)
09 Mar 2022 14:15:17,618 TRACE CarsDBRepository 102 update - Enter Updated 1 instances
09 Mar 2022 14:15:17,633 TRACE CarsDBRepository 107 update - Exit
09 Mar 2022 14:15:17,633 TRACE CarsDBRepository 50 findBetweenYears - Enter finding between 2019 and 2020
09 Mar 2022 14:15:17,633 TRACE JdbcUtils 46 getConnection - Enter
09 Mar 2022 14:15:17,633 TRACE JdbcUtils 55 getConnection - Exit with(org.sqlite.jdbc4.JDBC4Connection@70ed52de)
09 Mar 2022 14:15:17,633 TRACE CarsDBRepository 71 findBetweenYears - Exit with([Id=1 Dacia Model1 2020, Id=2 Skoda Octavia 2020, Id=3 Tesla Model S 2019, Id=4 Tesla Model S 2019, Id=5 Tesla Model S 2019])
09 Mar 2022 14:16:40,090 INFO  CarsDBRepository 18 <init> - Initializing CarsDBRepository with properties: {jdbc.url=jdbc:sqlite:C:\Personal\Facultate\Semestrul 4\MPP\lab1-2\databases\cars.db} 
09 Mar 2022 14:16:40,105 TRACE CarsDBRepository 77 add - Enter saving car Id=0 Tesla Model S 2019
09 Mar 2022 14:16:40,105 TRACE JdbcUtils 46 getConnection - Enter
09 Mar 2022 14:16:40,105 TRACE JdbcUtils 23 getNewConnection - Enter
09 Mar 2022 14:16:40,105 INFO  JdbcUtils 28 getNewConnection - trying to connect to database ... jdbc:sqlite:C:\Personal\Facultate\Semestrul 4\MPP\lab1-2\databases\cars.db
09 Mar 2022 14:16:40,105 INFO  JdbcUtils 29 getNewConnection - user: null
09 Mar 2022 14:16:40,105 INFO  JdbcUtils 30 getNewConnection - pass: null
09 Mar 2022 14:16:40,506 TRACE JdbcUtils 55 getConnection - Exit with(org.sqlite.jdbc4.JDBC4Connection@70ed52de)
09 Mar 2022 14:16:40,553 TRACE CarsDBRepository 84 add - Enter Saved 1 instances
09 Mar 2022 14:16:40,553 TRACE CarsDBRepository 89 add - Exit
09 Mar 2022 14:16:40,553 TRACE CarsDBRepository 112 findAll - Enter
09 Mar 2022 14:16:40,553 TRACE JdbcUtils 46 getConnection - Enter
09 Mar 2022 14:16:40,553 TRACE JdbcUtils 55 getConnection - Exit with(org.sqlite.jdbc4.JDBC4Connection@70ed52de)
09 Mar 2022 14:16:40,553 TRACE CarsDBRepository 131 findAll - Exit with([Id=1 Dacia Model1 2020, Id=2 Skoda Octavia 2020, Id=3 Tesla Model S 2019, Id=4 Tesla Model S 2019, Id=5 Tesla Model S 2019, Id=6 Tesla Model S 2019])
09 Mar 2022 14:16:40,553 TRACE CarsDBRepository 24 findByManufacturer - Enter finding with manufacturer Tesla
09 Mar 2022 14:16:40,553 TRACE JdbcUtils 46 getConnection - Enter
09 Mar 2022 14:16:40,553 TRACE JdbcUtils 55 getConnection - Exit with(org.sqlite.jdbc4.JDBC4Connection@70ed52de)
09 Mar 2022 14:16:40,569 TRACE CarsDBRepository 44 findByManufacturer - Exit with([Id=3 Tesla Model S 2019, Id=4 Tesla Model S 2019, Id=5 Tesla Model S 2019, Id=6 Tesla Model S 2019])
09 Mar 2022 14:16:40,569 TRACE CarsDBRepository 94 update - Enter updating car id:1 with: Id=0 Dacia Model1 2023
09 Mar 2022 14:16:40,569 TRACE JdbcUtils 46 getConnection - Enter
09 Mar 2022 14:16:40,569 TRACE JdbcUtils 55 getConnection - Exit with(org.sqlite.jdbc4.JDBC4Connection@70ed52de)
09 Mar 2022 14:16:40,591 TRACE CarsDBRepository 102 update - Enter Updated 1 instances
09 Mar 2022 14:16:40,591 TRACE CarsDBRepository 107 update - Exit
09 Mar 2022 14:16:40,591 TRACE CarsDBRepository 50 findBetweenYears - Enter finding between 2019 and 2020
09 Mar 2022 14:16:40,591 TRACE JdbcUtils 46 getConnection - Enter
09 Mar 2022 14:16:40,591 TRACE JdbcUtils 55 getConnection - Exit with(org.sqlite.jdbc4.JDBC4Connection@70ed52de)
09 Mar 2022 14:16:40,591 TRACE CarsDBRepository 71 findBetweenYears - Exit with([Id=2 Skoda Octavia 2020, Id=3 Tesla Model S 2019, Id=4 Tesla Model S 2019, Id=5 Tesla Model S 2019, Id=6 Tesla Model S 2019])
09 Mar 2022 14:22:29,813 INFO  CarsDBRepository 18 <init> - Initializing CarsDBRepository with properties: {jdbc.url=jdbc:sqlite:C:\Personal\Facultate\Semestrul 4\MPP\lab1-2\databases\cars.db} 
09 Mar 2022 14:22:29,828 TRACE CarsDBRepository 77 add - Enter saving car Id=0 Tesla Model S 2019
09 Mar 2022 14:22:29,828 TRACE JdbcUtils 46 getConnection - Enter
09 Mar 2022 14:22:29,828 TRACE JdbcUtils 23 getNewConnection - Enter
09 Mar 2022 14:22:29,828 INFO  JdbcUtils 28 getNewConnection - trying to connect to database ... jdbc:sqlite:C:\Personal\Facultate\Semestrul 4\MPP\lab1-2\databases\cars.db
09 Mar 2022 14:22:29,828 INFO  JdbcUtils 29 getNewConnection - user: null
09 Mar 2022 14:22:29,828 INFO  JdbcUtils 30 getNewConnection - pass: null
09 Mar 2022 14:22:30,160 TRACE JdbcUtils 55 getConnection - Exit with(org.sqlite.jdbc4.JDBC4Connection@70ed52de)
09 Mar 2022 14:22:30,160 TRACE CarsDBRepository 84 add - Enter Saved 1 instances
09 Mar 2022 14:22:30,175 TRACE CarsDBRepository 89 add - Exit
09 Mar 2022 14:22:30,175 TRACE CarsDBRepository 112 findAll - Enter
09 Mar 2022 14:22:30,175 TRACE JdbcUtils 46 getConnection - Enter
09 Mar 2022 14:22:30,175 TRACE JdbcUtils 55 getConnection - Exit with(org.sqlite.jdbc4.JDBC4Connection@70ed52de)
09 Mar 2022 14:22:30,175 TRACE CarsDBRepository 131 findAll - Exit with([Id=1 Dacia Model1 2023, Id=2 Skoda Octavia 2020, Id=3 Tesla Model S 2019, Id=4 Tesla Model S 2019, Id=5 Tesla Model S 2019, Id=6 Tesla Model S 2019, Id=7 Tesla Model S 2019])
09 Mar 2022 14:22:30,175 TRACE CarsDBRepository 24 findByManufacturer - Enter finding with manufacturer Tesla
09 Mar 2022 14:22:30,175 TRACE JdbcUtils 46 getConnection - Enter
09 Mar 2022 14:22:30,175 TRACE JdbcUtils 55 getConnection - Exit with(org.sqlite.jdbc4.JDBC4Connection@70ed52de)
09 Mar 2022 14:22:30,175 TRACE CarsDBRepository 44 findByManufacturer - Exit with([Id=3 Tesla Model S 2019, Id=4 Tesla Model S 2019, Id=5 Tesla Model S 2019, Id=6 Tesla Model S 2019, Id=7 Tesla Model S 2019])
09 Mar 2022 14:22:30,175 TRACE CarsDBRepository 94 update - Enter updating car id:1 with: Id=0 Dacia Model1 2023
09 Mar 2022 14:22:30,175 TRACE JdbcUtils 46 getConnection - Enter
09 Mar 2022 14:22:30,175 TRACE JdbcUtils 55 getConnection - Exit with(org.sqlite.jdbc4.JDBC4Connection@70ed52de)
09 Mar 2022 14:22:30,175 TRACE CarsDBRepository 102 update - Enter Updated 1 instances
09 Mar 2022 14:22:30,175 TRACE CarsDBRepository 107 update - Exit
09 Mar 2022 14:22:30,175 TRACE CarsDBRepository 50 findBetweenYears - Enter finding between 2019 and 2020
09 Mar 2022 14:22:30,175 TRACE JdbcUtils 46 getConnection - Enter
09 Mar 2022 14:22:30,175 TRACE JdbcUtils 55 getConnection - Exit with(org.sqlite.jdbc4.JDBC4Connection@70ed52de)
09 Mar 2022 14:22:30,175 TRACE CarsDBRepository 71 findBetweenYears - Exit with([Id=2 Skoda Octavia 2020, Id=3 Tesla Model S 2019, Id=4 Tesla Model S 2019, Id=5 Tesla Model S 2019, Id=6 Tesla Model S 2019, Id=7 Tesla Model S 2019])
09 Mar 2022 14:22:54,422 INFO  CarsDBRepository 18 <init> - Initializing CarsDBRepository with properties: {jdbc.url=jdbc:sqlite:C:\Personal\Facultate\Semestrul 4\MPP\lab1-2\databases\cars.db} 
09 Mar 2022 14:22:54,444 TRACE CarsDBRepository 77 add - Enter saving car Id=0 Tesla Model S 2019
09 Mar 2022 14:22:54,444 TRACE JdbcUtils 46 getConnection - Enter
09 Mar 2022 14:22:54,444 TRACE JdbcUtils 23 getNewConnection - Enter
09 Mar 2022 14:22:54,444 INFO  JdbcUtils 28 getNewConnection - trying to connect to database ... jdbc:sqlite:C:\Personal\Facultate\Semestrul 4\MPP\lab1-2\databases\cars.db
09 Mar 2022 14:22:54,444 INFO  JdbcUtils 29 getNewConnection - user: null
09 Mar 2022 14:22:54,444 INFO  JdbcUtils 30 getNewConnection - pass: null
09 Mar 2022 14:22:54,807 TRACE JdbcUtils 55 getConnection - Exit with(org.sqlite.jdbc4.JDBC4Connection@70ed52de)
09 Mar 2022 14:22:54,807 TRACE CarsDBRepository 84 add - Enter Saved 1 instances
09 Mar 2022 14:22:54,807 TRACE CarsDBRepository 89 add - Exit
09 Mar 2022 14:22:54,822 TRACE CarsDBRepository 112 findAll - Enter
09 Mar 2022 14:22:54,822 TRACE JdbcUtils 46 getConnection - Enter
09 Mar 2022 14:22:54,822 TRACE JdbcUtils 55 getConnection - Exit with(org.sqlite.jdbc4.JDBC4Connection@70ed52de)
09 Mar 2022 14:22:54,822 TRACE CarsDBRepository 131 findAll - Exit with([Id=1 Dacia Model1 2023, Id=2 Skoda Octavia 2020, Id=3 Tesla Model S 2019, Id=4 Tesla Model S 2019, Id=5 Tesla Model S 2019, Id=6 Tesla Model S 2019, Id=7 Tesla Model S 2019, Id=8 Tesla Model S 2019])
09 Mar 2022 14:22:54,822 TRACE CarsDBRepository 24 findByManufacturer - Enter finding with manufacturer Tesla
09 Mar 2022 14:22:54,822 TRACE JdbcUtils 46 getConnection - Enter
09 Mar 2022 14:22:54,822 TRACE JdbcUtils 55 getConnection - Exit with(org.sqlite.jdbc4.JDBC4Connection@70ed52de)
09 Mar 2022 14:22:54,822 TRACE CarsDBRepository 44 findByManufacturer - Exit with([Id=3 Tesla Model S 2019, Id=4 Tesla Model S 2019, Id=5 Tesla Model S 2019, Id=6 Tesla Model S 2019, Id=7 Tesla Model S 2019, Id=8 Tesla Model S 2019])
09 Mar 2022 14:22:54,822 TRACE CarsDBRepository 94 update - Enter updating car id:1 with: Id=0 Dacia Model1 2023
09 Mar 2022 14:22:54,822 TRACE JdbcUtils 46 getConnection - Enter
09 Mar 2022 14:22:54,822 TRACE JdbcUtils 55 getConnection - Exit with(org.sqlite.jdbc4.JDBC4Connection@70ed52de)
09 Mar 2022 14:22:54,822 TRACE CarsDBRepository 102 update - Enter Updated 1 instances
09 Mar 2022 14:22:54,822 TRACE CarsDBRepository 107 update - Exit
09 Mar 2022 14:22:54,822 TRACE CarsDBRepository 50 findBetweenYears - Enter finding between 2019 and 2020
09 Mar 2022 14:22:54,822 TRACE JdbcUtils 46 getConnection - Enter
09 Mar 2022 14:22:54,822 TRACE JdbcUtils 55 getConnection - Exit with(org.sqlite.jdbc4.JDBC4Connection@70ed52de)
09 Mar 2022 14:22:54,822 TRACE CarsDBRepository 71 findBetweenYears - Exit with([Id=2 Skoda Octavia 2020, Id=3 Tesla Model S 2019, Id=4 Tesla Model S 2019, Id=5 Tesla Model S 2019, Id=6 Tesla Model S 2019, Id=7 Tesla Model S 2019, Id=8 Tesla Model S 2019])
